<?xml version="1.0" encoding="UTF-8"?>
<testng-results ignored="0" total="1" passed="1" failed="0" skipped="0">
  <reporter-output>
  </reporter-output>
  <suite started-at="2025-03-20T14:41:29 IST" name="Selenium Test Suite in Jenkins running inside docker container" finished-at="2025-03-20T14:41:37 IST" duration-ms="7794">
    <groups>
    </groups>
    <test started-at="2025-03-20T14:41:29 IST" name="Google Search Test" finished-at="2025-03-20T14:41:37 IST" duration-ms="7794">
      <class name="com.mycompany.tests.GoogleSearchTest">
        <test-method is-config="true" signature="setUp()[pri:0, instance:com.mycompany.tests.GoogleSearchTest@6b927fb]" started-at="2025-03-20T14:41:29 IST" name="setUp" finished-at="2025-03-20T14:41:34 IST" duration-ms="4914" status="PASS">
          <reporter-output>
          </reporter-output>
        </test-method> <!-- setUp -->
        <test-method signature="searchSelenium()[pri:0, instance:com.mycompany.tests.GoogleSearchTest@6b927fb]" started-at="2025-03-20T14:41:34 IST" name="searchSelenium" finished-at="2025-03-20T14:41:37 IST" duration-ms="2533" status="PASS">
          <reporter-output>
          </reporter-output>
        </test-method> <!-- searchSelenium -->
        <test-method is-config="true" signature="tearDown()[pri:0, instance:com.mycompany.tests.GoogleSearchTest@6b927fb]" started-at="2025-03-20T14:41:37 IST" name="tearDown" finished-at="2025-03-20T14:41:37 IST" duration-ms="313" status="PASS">
          <reporter-output>
          </reporter-output>
        </test-method> <!-- tearDown -->
      </class> <!-- com.mycompany.tests.GoogleSearchTest -->
    </test> <!-- Google Search Test -->
  </suite> <!-- Selenium Test Suite in Jenkins running inside docker container -->
</testng-results>
